SF:lib/number_manipulator.dart
DA:2,2
DA:3,2
DA:6,2
DA:7,2
DA:10,2
DA:11,2
DA:14,2
DA:15,2
DA:18,2
DA:19,2
DA:22,2
DA:23,2
LF:12
LH:12
end_of_record
SF:lib/main.dart
DA:6,0
DA:7,0
DA:11,2
DA:14,0
DA:16,0
DA:18,0
DA:19,0
DA:28,3
DA:41,1
DA:42,1
DA:49,1
DA:50,2
DA:51,4
DA:55,1
DA:56,2
DA:57,4
DA:61,1
DA:62,2
DA:63,4
DA:67,1
DA:68,2
DA:69,4
DA:73,1
DA:74,2
DA:75,4
DA:79,1
DA:80,2
DA:81,4
DA:85,1
DA:87,1
DA:88,1
DA:89,3
DA:90,1
DA:91,2
DA:95,1
DA:96,1
DA:98,1
DA:102,1
DA:103,2
DA:105,3
DA:107,1
DA:110,1
DA:111,1
DA:112,1
DA:116,1
DA:117,1
DA:121,1
DA:122,1
DA:126,1
DA:127,1
DA:131,1
DA:132,1
DA:136,1
DA:137,1
LF:54
LH:48
end_of_record
